<?xml version="1.0" encoding="UTF-8"?>
<!-- Generated by org.testng.reporters.JUnitReportReporter -->
<testsuite hostname="NIBLP1245" failures="0" tests="1" name="lumaTestCases.Purchases" time="47.099" errors="0" timestamp="2023-08-22T23:14:19 IST" skipped="0">
  <testcase classname="lumaTestCases.Purchases" name="purchaseWomensJacketAndAddToCart" time="47.099"/>
</testsuite> <!-- lumaTestCases.Purchases -->
