<?xml version="1.0" encoding="UTF-8"?>
<!-- Generated by org.testng.reporters.JUnitReportReporter -->
<testsuite hostname="NIBLP1245" failures="0" tests="7" name="lumaTestCases.Category" time="62.651" errors="0" timestamp="2023-08-26T17:50:42 IST" skipped="0">
  <testcase classname="lumaTestCases.Category" name="Category001_NavigateToWomenCategory" time="14.296"/>
  <testcase classname="lumaTestCases.Category" name="Category004_verifyMenTopsCategoryAvailability" time="8.123"/>
  <testcase classname="lumaTestCases.Category" name="Category005_verifyMenBottomsCategoryAvailability" time="8.337"/>
  <testcase classname="lumaTestCases.Category" name="Category007_verifyTrainingAvailability" time="7.848"/>
  <testcase classname="lumaTestCases.Category" name="Category003_verifyWomenBottomsCategoryAvailability" time="7.948"/>
  <testcase classname="lumaTestCases.Category" name="Category002_verifyWomenTopsCategoryAvailability" time="8.018"/>
  <testcase classname="lumaTestCases.Category" name="Category006_verifyGearCategoryAvailability" time="8.081"/>
</testsuite> <!-- lumaTestCases.Category -->
