<?xml version="1.0" encoding="UTF-8"?>
<!-- Generated by org.testng.reporters.JUnitReportReporter -->
<testsuite hostname="NIBLP1245" failures="0" tests="1" name="lumaTestCases.menJacketPurchases" time="56.438" errors="0" timestamp="2023-08-26T22:18:05 IST" skipped="0">
  <testcase classname="lumaTestCases.menJacketPurchases" name="ppurchaseMensHyperionGreenJacket" time="56.438"/>
</testsuite> <!-- lumaTestCases.menJacketPurchases -->
