<?xml version="1.0" encoding="UTF-8"?>
<!-- Generated by org.testng.reporters.JUnitReportReporter -->
<testsuite hostname="NIBLP1245" failures="0" tests="2" name="lumaTestCases.Category" time="24.335" errors="0" timestamp="2023-07-24T23:17:51 IST" skipped="0">
  <testcase classname="lumaTestCases.Category" name="Category001_NavigateToWomenCategory" time="13.863"/>
  <testcase classname="lumaTestCases.Category" name="Category002_verifyAllWomenCategoryAvailability" time="10.472"/>
</testsuite> <!-- lumaTestCases.Category -->
