<?xml version="1.0" encoding="UTF-8"?>
<!-- Generated by org.testng.reporters.JUnitReportReporter -->
<testsuite hostname="NIBLP1245" failures="0" tests="7" name="lumaTestCases.Category" time="61.999" errors="0" timestamp="2023-08-13T12:43:54 IST" skipped="0">
  <testcase classname="lumaTestCases.Category" name="Category001_NavigateToWomenCategory" time="13.841"/>
  <testcase classname="lumaTestCases.Category" name="Category003_verifyWomenBottomsCategoryAvailability" time="8.192"/>
  <testcase classname="lumaTestCases.Category" name="Category006_verifyGearCategoryAvailability" time="7.613"/>
  <testcase classname="lumaTestCases.Category" name="Category007_verifyTrainingAvailability" time="7.611"/>
  <testcase classname="lumaTestCases.Category" name="Category004_verifyMenTopsCategoryAvailability" time="7.890"/>
  <testcase classname="lumaTestCases.Category" name="Category005_verifyMenBottomsCategoryAvailability" time="8.572"/>
  <testcase classname="lumaTestCases.Category" name="Category002_verifyWomenTopsCategoryAvailability" time="8.280"/>
</testsuite> <!-- lumaTestCases.Category -->
