<?xml version="1.0" encoding="UTF-8"?>
<!-- Generated by org.testng.reporters.JUnitReportReporter -->
<testsuite hostname="NIBLP1245" failures="0" tests="2" name="lumaTestCases.SearchProduct" time="15.799" errors="0" timestamp="2023-08-08T23:27:52 IST" skipped="0">
  <testcase classname="lumaTestCases.SearchProduct" name="Search001_SearchByProduct" time="7.410"/>
  <testcase classname="lumaTestCases.SearchProduct" name="Search002_InvalidSearchProduct" time="8.389"/>
</testsuite> <!-- lumaTestCases.SearchProduct -->
