<?xml version="1.0" encoding="UTF-8"?>
<!-- Generated by org.testng.reporters.JUnitReportReporter -->
<testsuite hostname="NIBLP1245" failures="0" tests="2" name="lumaTestCases.SearchProduct" time="13.639" errors="0" timestamp="2023-08-26T22:47:29 IST" skipped="0">
  <testcase classname="lumaTestCases.SearchProduct" name="Search001_SearchByProduct" time="6.629"/>
  <testcase classname="lumaTestCases.SearchProduct" name="Search002_InvalidSearchProduct" time="7.010"/>
</testsuite> <!-- lumaTestCases.SearchProduct -->
