<?xml version="1.0" encoding="UTF-8"?>
<!-- Generated by org.testng.reporters.JUnitReportReporter -->
<testsuite hostname="NIBLP1245" failures="0" tests="16" name="lumaTestCases.WomenJacketPurchases" time="894.865" errors="0" timestamp="2023-08-26T17:50:42 IST" skipped="0">
  <testcase classname="lumaTestCases.WomenJacketPurchases" name="purchaseWomensOliviaBlueJacket_S" time="56.708"/>
  <testcase classname="lumaTestCases.WomenJacketPurchases" name="purchaseWomensOliviaBlackJacket_S" time="55.269"/>
  <testcase classname="lumaTestCases.WomenJacketPurchases" name="purchaseWomensJunoBlueJacket_S" time="55.281"/>
  <testcase classname="lumaTestCases.WomenJacketPurchases" name="purchaseWomensJunoGreenJacket_S" time="55.369"/>
  <testcase classname="lumaTestCases.WomenJacketPurchases" name="purchaseWomensDanceOrangeJacket_S" time="55.768"/>
  <testcase classname="lumaTestCases.WomenJacketPurchases" name="purchaseWomensDanceBlueJacket_S" time="55.878"/>
  <testcase classname="lumaTestCases.WomenJacketPurchases" name="purchaseWomensNadiaShellBlackJacket_S" time="55.408"/>
  <testcase classname="lumaTestCases.WomenJacketPurchases" name="purchaseWomensNadiaShellOrangeJacket_S" time="56.115"/>
  <testcase classname="lumaTestCases.WomenJacketPurchases" name="purchaseWomensOliviaBlueJacket_XS" time="55.342"/>
  <testcase classname="lumaTestCases.WomenJacketPurchases" name="purchaseWomensOliviaBlackJacket_XS" time="54.540"/>
  <testcase classname="lumaTestCases.WomenJacketPurchases" name="purchaseWomensJunoBlueJacket_XS" time="55.995"/>
  <testcase classname="lumaTestCases.WomenJacketPurchases" name="purchaseWomensJunoGreenJacket_XS" time="55.665"/>
  <testcase classname="lumaTestCases.WomenJacketPurchases" name="purchaseWomensDanceOrangeJacket_XS" time="55.379"/>
  <testcase classname="lumaTestCases.WomenJacketPurchases" name="purchaseWomensDanceBlueJacket_XS" time="56.398"/>
  <testcase classname="lumaTestCases.WomenJacketPurchases" name="purchaseWomensNadiaShellBlackJacket_XS" time="57.121"/>
  <testcase classname="lumaTestCases.WomenJacketPurchases" name="purchaseWomensNadiaShellOrangeJacket_XS" time="58.629"/>
</testsuite> <!-- lumaTestCases.WomenJacketPurchases -->
