<?xml version="1.0" encoding="UTF-8"?>
<!-- Generated by org.testng.reporters.JUnitReportReporter -->
<testsuite hostname="NIBLP1245" failures="0" tests="1" name="lumaTestCases.Registration" time="17.609" errors="0" timestamp="2023-07-26T23:47:14 IST" skipped="0">
  <testcase classname="lumaTestCases.Registration" name="Regsiter001_registerUser" time="17.609"/>
</testsuite> <!-- lumaTestCases.Registration -->
