<?xml version="1.0" encoding="UTF-8"?>
<!-- Generated by org.testng.reporters.JUnitReportReporter -->
<testsuite hostname="NIBLP1245" failures="0" tests="2" name="lumaTestCases.SearchProduct" time="14.934" errors="0" timestamp="2023-08-13T12:43:54 IST" skipped="0">
  <testcase classname="lumaTestCases.SearchProduct" name="Search002_InvalidSearchProduct" time="7.295"/>
  <testcase classname="lumaTestCases.SearchProduct" name="Search001_SearchByProduct" time="7.639"/>
</testsuite> <!-- lumaTestCases.SearchProduct -->
