<?xml version="1.0" encoding="UTF-8"?>
<!-- Generated by org.testng.reporters.JUnitReportReporter -->
<testsuite hostname="NIBLP1245" failures="0" tests="7" name="lumaTestCases.Category" time="62.684" errors="0" timestamp="2023-08-08T23:27:52 IST" skipped="0">
  <testcase classname="lumaTestCases.Category" name="Category002_verifyWomenTopsCategoryAvailability" time="8.761"/>
  <testcase classname="lumaTestCases.Category" name="Category005_verifyMenBottomsCategoryAvailability" time="8.463"/>
  <testcase classname="lumaTestCases.Category" name="Category006_verifyGearCategoryAvailability" time="8.202"/>
  <testcase classname="lumaTestCases.Category" name="Category003_verifyWomenBottomsCategoryAvailability" time="7.672"/>
  <testcase classname="lumaTestCases.Category" name="Category004_verifyMenTopsCategoryAvailability" time="8.393"/>
  <testcase classname="lumaTestCases.Category" name="Category001_NavigateToWomenCategory" time="13.695"/>
  <testcase classname="lumaTestCases.Category" name="Category007_verifyTrainingAvailability" time="7.498"/>
</testsuite> <!-- lumaTestCases.Category -->
