<?xml version="1.0" encoding="UTF-8"?>
<!-- Generated by org.testng.reporters.JUnitReportReporter -->
<testsuite hostname="NIBLP1245" failures="0" tests="7" name="lumaTestCases.Login" time="54.822" errors="0" timestamp="2023-08-26T22:47:29 IST" skipped="0">
  <testcase classname="lumaTestCases.Login" name="Login001_LoginWithValidCredentials" time="12.076"/>
  <testcase classname="lumaTestCases.Login" name="Login002_LoginWithInvalidCredentials" time="9.699"/>
  <testcase classname="lumaTestCases.Login" name="Login003_valiDEmail_InvalidPass" time="8.802"/>
  <testcase classname="lumaTestCases.Login" name="Login004_invaliDEmail_validPassword" time="8.012"/>
  <testcase classname="lumaTestCases.Login" name="Login005_loginWithoutEmailAndPAssword" time="5.907"/>
  <testcase classname="lumaTestCases.Login" name="Login006_loginWithOnlyEmail" time="5.421"/>
  <testcase classname="lumaTestCases.Login" name="Login007_loginWithOnlyPassword" time="4.905"/>
</testsuite> <!-- lumaTestCases.Login -->
