<?xml version="1.0" encoding="UTF-8"?>
<!-- Generated by org.testng.reporters.JUnitReportReporter -->
<testsuite hostname="NIBLP1245" failures="0" tests="7" name="lumaTestCases.Registration" time="88.864" errors="0" timestamp="2023-08-13T12:43:54 IST" skipped="0">
  <testcase classname="lumaTestCases.Registration" name="Register002_createAccountwithoutdata" time="13.136"/>
  <testcase classname="lumaTestCases.Registration" name="Register003_registerExistingUser" time="15.502"/>
  <testcase classname="lumaTestCases.Registration" name="Register005_validateStrongPassword" time="9.881"/>
  <testcase classname="lumaTestCases.Registration" name="Register006_validateWeakPasswordAndRegister" time="10.526"/>
  <testcase classname="lumaTestCases.Registration" name="Register007_validatePasswordCritera" time="11.105"/>
  <testcase classname="lumaTestCases.Registration" name="Register008_confirmPasswordDoesNotMatchPassword" time="12.369"/>
  <testcase classname="lumaTestCases.Registration" name="Regsiter001_registerUser" time="16.345"/>
</testsuite> <!-- lumaTestCases.Registration -->
