<?xml version="1.0" encoding="UTF-8"?>
<!-- Generated by org.testng.reporters.JUnitReportReporter -->
<testsuite hostname="NIBLP1245" failures="0" tests="7" name="lumaTestCases.Registration" time="84.858" errors="0" timestamp="2023-08-26T22:47:29 IST" skipped="0">
  <testcase classname="lumaTestCases.Registration" name="Register002_createAccountwithoutdata" time="12.299"/>
  <testcase classname="lumaTestCases.Registration" name="Register003_registerExistingUser" time="16.569"/>
  <testcase classname="lumaTestCases.Registration" name="Register005_validateStrongPassword" time="9.700"/>
  <testcase classname="lumaTestCases.Registration" name="Register006_validateWeakPasswordAndRegister" time="10.271"/>
  <testcase classname="lumaTestCases.Registration" name="Register007_validatePasswordCritera" time="10.213"/>
  <testcase classname="lumaTestCases.Registration" name="Register008_confirmPasswordDoesNotMatchPassword" time="10.007"/>
  <testcase classname="lumaTestCases.Registration" name="Regsiter001_registerUser" time="15.799"/>
</testsuite> <!-- lumaTestCases.Registration -->
