<?xml version="1.0" encoding="UTF-8"?>
<!-- Generated by org.testng.reporters.JUnitReportReporter -->
<testsuite hostname="NIBLP1245" failures="0" tests="7" name="lumaTestCases.Login" time="56.676" errors="0" timestamp="2023-08-13T12:43:54 IST" skipped="0">
  <testcase classname="lumaTestCases.Login" name="Login001_LoginWithValidCredentials" time="11.508"/>
  <testcase classname="lumaTestCases.Login" name="Login002_LoginWithInvalidCredentials" time="10.117"/>
  <testcase classname="lumaTestCases.Login" name="Login003_valiDEmail_InvalidPass" time="10.065"/>
  <testcase classname="lumaTestCases.Login" name="Login004_invaliDEmail_validPassword" time="8.079"/>
  <testcase classname="lumaTestCases.Login" name="Login005_loginWithoutEmailAndPAssword" time="6.464"/>
  <testcase classname="lumaTestCases.Login" name="Login006_loginWithOnlyEmail" time="5.627"/>
  <testcase classname="lumaTestCases.Login" name="Login007_loginWithOnlyPassword" time="4.816"/>
</testsuite> <!-- lumaTestCases.Login -->
