<?xml version="1.0" encoding="UTF-8"?>
<!-- Generated by org.testng.reporters.JUnitReportReporter -->
<testsuite hostname="NIBLP1245" failures="0" tests="7" name="lumaTestCases.Registration" time="83.073" errors="0" timestamp="2023-07-22T21:43:50 IST" skipped="0">
  <testcase classname="lumaTestCases.Registration" name="Register002_createAccountwithoutdata" time="11.849"/>
  <testcase classname="lumaTestCases.Registration" name="Register003_registerExistingUser" time="14.626"/>
  <testcase classname="lumaTestCases.Registration" name="Register005_validateStrongPassword" time="9.869"/>
  <testcase classname="lumaTestCases.Registration" name="Register006_validateWeakPasswordAndRegister" time="9.822"/>
  <testcase classname="lumaTestCases.Registration" name="Register007_validatePasswordCritera" time="10.898"/>
  <testcase classname="lumaTestCases.Registration" name="Register008_confirmPasswordDoesNotMatchPassword" time="10.058"/>
  <testcase classname="lumaTestCases.Registration" name="Regsiter001_registerUser" time="15.951"/>
</testsuite> <!-- lumaTestCases.Registration -->
