<?xml version="1.0" encoding="UTF-8"?>
<!-- Generated by org.testng.reporters.JUnitReportReporter -->
<testsuite hostname="NIBLP1245" failures="0" tests="7" name="lumaTestCases.Registration" time="86.567" errors="0" timestamp="2023-07-28T00:46:11 IST" skipped="0">
  <testcase classname="lumaTestCases.Registration" name="Register002_createAccountwithoutdata" time="12.152"/>
  <testcase classname="lumaTestCases.Registration" name="Register003_registerExistingUser" time="14.759"/>
  <testcase classname="lumaTestCases.Registration" name="Register005_validateStrongPassword" time="9.877"/>
  <testcase classname="lumaTestCases.Registration" name="Register006_validateWeakPasswordAndRegister" time="10.333"/>
  <testcase classname="lumaTestCases.Registration" name="Register007_validatePasswordCritera" time="10.163"/>
  <testcase classname="lumaTestCases.Registration" name="Register008_confirmPasswordDoesNotMatchPassword" time="13.060"/>
  <testcase classname="lumaTestCases.Registration" name="Regsiter001_registerUser" time="16.223"/>
</testsuite> <!-- lumaTestCases.Registration -->
