<?xml version="1.0" encoding="UTF-8"?>
<!-- Generated by org.testng.reporters.JUnitReportReporter -->
<testsuite hostname="NIBLP1245" failures="0" tests="7" name="lumaTestCases.Category" time="106.394" errors="0" timestamp="2023-07-28T00:46:11 IST" skipped="0">
  <testcase classname="lumaTestCases.Category" name="Category002_verifyWomenTopsCategoryAvailability" time="13.967"/>
  <testcase classname="lumaTestCases.Category" name="Category007_verifyTrainingAvailability" time="13.441"/>
  <testcase classname="lumaTestCases.Category" name="Category004_verifyMenTopsCategoryAvailability" time="14.875"/>
  <testcase classname="lumaTestCases.Category" name="Category006_verifyGearCategoryAvailability" time="14.488"/>
  <testcase classname="lumaTestCases.Category" name="Category003_verifyWomenBottomsCategoryAvailability" time="13.941"/>
  <testcase classname="lumaTestCases.Category" name="Category001_NavigateToWomenCategory" time="21.548"/>
  <testcase classname="lumaTestCases.Category" name="Category005_verifyMenBottomsCategoryAvailability" time="14.134"/>
</testsuite> <!-- lumaTestCases.Category -->
