<?xml version="1.0" encoding="UTF-8"?>
<!-- Generated by org.testng.reporters.JUnitReportReporter -->
<testsuite hostname="NIBLP1245" failures="0" tests="7" name="lumaTestCases.Login" time="58.711" errors="0" timestamp="2023-08-08T23:27:52 IST" skipped="0">
  <testcase classname="lumaTestCases.Login" name="Login001_LoginWithValidCredentials" time="13.120"/>
  <testcase classname="lumaTestCases.Login" name="Login002_LoginWithInvalidCredentials" time="10.129"/>
  <testcase classname="lumaTestCases.Login" name="Login003_valiDEmail_InvalidPass" time="9.347"/>
  <testcase classname="lumaTestCases.Login" name="Login004_invaliDEmail_validPassword" time="9.145"/>
  <testcase classname="lumaTestCases.Login" name="Login005_loginWithoutEmailAndPAssword" time="6.071"/>
  <testcase classname="lumaTestCases.Login" name="Login006_loginWithOnlyEmail" time="5.439"/>
  <testcase classname="lumaTestCases.Login" name="Login007_loginWithOnlyPassword" time="5.460"/>
</testsuite> <!-- lumaTestCases.Login -->
