<?xml version="1.0" encoding="UTF-8"?>
<!-- Generated by org.testng.reporters.JUnitReportReporter -->
<testsuite hostname="NIBLP1245" failures="0" tests="7" name="lumaTestCases.Login" time="54.550" errors="0" timestamp="2023-07-22T21:43:50 IST" skipped="0">
  <testcase classname="lumaTestCases.Login" name="Login001_LoginWithValidCredentials" time="10.192"/>
  <testcase classname="lumaTestCases.Login" name="Login002_LoginWithInvalidCredentials" time="11.112"/>
  <testcase classname="lumaTestCases.Login" name="Login003_valiDEmail_InvalidPass" time="10.331"/>
  <testcase classname="lumaTestCases.Login" name="Login004_invaliDEmail_validPassword" time="8.085"/>
  <testcase classname="lumaTestCases.Login" name="Login005_loginWithoutEmailAndPAssword" time="5.005"/>
  <testcase classname="lumaTestCases.Login" name="Login006_loginWithOnlyEmail" time="4.579"/>
  <testcase classname="lumaTestCases.Login" name="Login007_loginWithOnlyPassword" time="5.246"/>
</testsuite> <!-- lumaTestCases.Login -->
