<?xml version="1.0" encoding="UTF-8"?>
<!-- Generated by org.testng.reporters.JUnitReportReporter -->
<testsuite hostname="NIBLP1245" failures="0" tests="7" name="lumaTestCases.Category" time="57.602" errors="0" timestamp="2023-08-26T22:47:29 IST" skipped="0">
  <testcase classname="lumaTestCases.Category" name="Category005_verifyMenBottomsCategoryAvailability" time="7.724"/>
  <testcase classname="lumaTestCases.Category" name="Category004_verifyMenTopsCategoryAvailability" time="7.602"/>
  <testcase classname="lumaTestCases.Category" name="Category001_NavigateToWomenCategory" time="12.316"/>
  <testcase classname="lumaTestCases.Category" name="Category006_verifyGearCategoryAvailability" time="7.368"/>
  <testcase classname="lumaTestCases.Category" name="Category003_verifyWomenBottomsCategoryAvailability" time="7.501"/>
  <testcase classname="lumaTestCases.Category" name="Category002_verifyWomenTopsCategoryAvailability" time="7.621"/>
  <testcase classname="lumaTestCases.Category" name="Category007_verifyTrainingAvailability" time="7.470"/>
</testsuite> <!-- lumaTestCases.Category -->
