<?xml version="1.0" encoding="UTF-8"?>
<!-- Generated by org.testng.reporters.JUnitReportReporter -->
<testsuite hostname="NIBLP1245" failures="0" tests="2" name="lumaTestCases.SearchProduct" time="27.666" errors="0" timestamp="2023-07-22T23:02:34 IST" skipped="0">
  <testcase classname="lumaTestCases.SearchProduct" name="Search001_SearchByProduct" time="13.551"/>
  <testcase classname="lumaTestCases.SearchProduct" name="Search002_InvalidSearchProduct" time="14.115"/>
</testsuite> <!-- lumaTestCases.SearchProduct -->
