<?xml version="1.0" encoding="UTF-8"?>
<!-- Generated by org.testng.reporters.JUnitReportReporter -->
<testsuite hostname="NIBLP1245" failures="0" tests="7" name="lumaTestCases.Login" time="59.762" errors="0" timestamp="2023-08-26T17:50:42 IST" skipped="0">
  <testcase classname="lumaTestCases.Login" name="Login001_LoginWithValidCredentials" time="12.948"/>
  <testcase classname="lumaTestCases.Login" name="Login002_LoginWithInvalidCredentials" time="10.293"/>
  <testcase classname="lumaTestCases.Login" name="Login003_valiDEmail_InvalidPass" time="10.443"/>
  <testcase classname="lumaTestCases.Login" name="Login004_invaliDEmail_validPassword" time="8.657"/>
  <testcase classname="lumaTestCases.Login" name="Login005_loginWithoutEmailAndPAssword" time="6.553"/>
  <testcase classname="lumaTestCases.Login" name="Login006_loginWithOnlyEmail" time="5.575"/>
  <testcase classname="lumaTestCases.Login" name="Login007_loginWithOnlyPassword" time="5.293"/>
</testsuite> <!-- lumaTestCases.Login -->
