<?xml version="1.0" encoding="UTF-8"?>
<!-- Generated by org.testng.reporters.JUnitReportReporter -->
<testsuite hostname="NIBLP1245" failures="0" tests="2" name="lumaTestCases.SearchProduct" time="31.649" errors="0" timestamp="2023-07-24T23:14:29 IST" skipped="0">
  <testcase classname="lumaTestCases.SearchProduct" name="Search002_InvalidSearchProduct" time="17.250"/>
  <testcase classname="lumaTestCases.SearchProduct" name="Search001_SearchByProduct" time="14.399"/>
</testsuite> <!-- lumaTestCases.SearchProduct -->
