<?xml version="1.0" encoding="UTF-8"?>
<!-- Generated by org.testng.reporters.JUnitReportReporter -->
<testsuite hostname="NIBLP1245" failures="0" tests="7" name="lumaTestCases.Registration" time="97.110" errors="0" timestamp="2023-08-26T17:50:42 IST" skipped="0">
  <testcase classname="lumaTestCases.Registration" name="Register002_createAccountwithoutdata" time="13.189"/>
  <testcase classname="lumaTestCases.Registration" name="Register003_registerExistingUser" time="18.279"/>
  <testcase classname="lumaTestCases.Registration" name="Register005_validateStrongPassword" time="10.982"/>
  <testcase classname="lumaTestCases.Registration" name="Register006_validateWeakPasswordAndRegister" time="11.645"/>
  <testcase classname="lumaTestCases.Registration" name="Register007_validatePasswordCritera" time="11.717"/>
  <testcase classname="lumaTestCases.Registration" name="Register008_confirmPasswordDoesNotMatchPassword" time="11.518"/>
  <testcase classname="lumaTestCases.Registration" name="Regsiter001_registerUser" time="19.780"/>
</testsuite> <!-- lumaTestCases.Registration -->
