<?xml version="1.0" encoding="UTF-8"?>
<!-- Generated by org.testng.reporters.JUnitReportReporter -->
<testsuite hostname="NIBLP1245" failures="0" tests="2" name="lumaTestCases.SearchProduct" time="15.617" errors="0" timestamp="2023-08-26T17:50:42 IST" skipped="0">
  <testcase classname="lumaTestCases.SearchProduct" name="Search001_SearchByProduct" time="7.907"/>
  <testcase classname="lumaTestCases.SearchProduct" name="Search002_InvalidSearchProduct" time="7.710"/>
</testsuite> <!-- lumaTestCases.SearchProduct -->
